LISTING FOR LOGIC DESCRIPTION FILE: COUNT4.pld                       Page 1

CUPL(WM): Universal Compiler for Programmable Logic
Version 5.0a Serial# 60008009
Copyright (c) 1983, 1998 Logical Devices, Inc.
Created Thu Nov 19 18:48:00 2020

  1:Name     count4 ;
  2:PartNo   00 ;
  3:Date     19/11/2020 ;
  4:Revision 01 ;
  5:Designer Stephen ;
  6:Company  MHV ;
  7:Assembly None ;
  8:Location  ;
  9:Device   g22v10 ;
 10:
 11:/* *************** INPUT PINS *********************/
 12:PIN 1   = clk                     ; /*                                 */ 
 13:PIN 2   = reset                   ; /*                                 */
 14:
 15:/* *************** OUTPUT PINS *********************/
 16:PIN [20..23] = [y3..0]            ; /*                                 */ 
 17:
 18:FIELD count  = [y3..0];
 19:
 20:count.ar     = reset;
 21:count.sp     = 'b'0;
 22:
 23:SEQUENCE count {
 24:      present 'd'0
 25:      default next 'd'1;
 26:      present 'd'1
 27:      default next 'd'2;
 28:      present 'd'2
 29:      default next 'd'3;
 30:      present 'd'3
 31:      default next 'd'4;
 32:      present 'd'4
 33:      default next 'd'5;
 34:      present 'd'5
 35:      default next 'd'6;
 36:      present 'd'6
 37:      default next 'd'7;
 38:      present 'd'7
 39:      default next 'd'8;
 40:      present 'd'8
 41:      default next 'd'9;
 42:      present 'd'9
 43:      default next 'd'10;
 44:      present 'd'10
 45:      default next 'd'11;
 46:      present 'd'11
 47:      default next 'd'12;
 48:      present 'd'12
 49:      default next 'd'13;
 50:      present 'd'13
 51:      default next 'd'14;
 52:      present 'd'14
 53:      default next 'd'15;

LISTING FOR LOGIC DESCRIPTION FILE: COUNT4.pld                       Page 2

CUPL(WM): Universal Compiler for Programmable Logic
Version 5.0a Serial# 60008009
Copyright (c) 1983, 1998 Logical Devices, Inc.
Created Thu Nov 19 18:48:00 2020

 54:      present 'd'15
 55:      default next 'd'0;
 56:  }
 57:
 58:
 59:
 60:



Jedec Fuse Checksum       (4f11)
Jedec Transmit Checksum   (2025)
